2014-03-22 09:10:57,835 [Worker-6] INFO  o.e.m.c.i.p.ProjectConfigurationManager - Collecting project info '/pom.xml' /home/bogdan/JAVA_WORKSPACE/PROJEKTAGH/Technologie Obiektowe/Projekt/SchoolSystem/pom.xml
2014-03-22 09:11:00,778 [Worker-6] INFO  o.e.m.c.i.l.LifecycleMappingFactory - Using org.eclipse.m2e.jdt.JarLifecycleMapping lifecycle mapping for MavenProject: pl.edu.agh.to:SchoolSystem:0.0.1-SNAPSHOT @ /home/bogdan/JAVA_WORKSPACE/PROJEKTAGH/Technologie Obiektowe/Projekt/SchoolSystem/pom.xml.
2014-03-22 09:11:03,820 [Worker-6] INFO  o.e.m.j.i.AbstractJavaProjectConfigurator - Adding source folder /SchoolSystem/src/main/java
2014-03-22 09:11:03,832 [Worker-6] INFO  o.e.m.j.i.AbstractJavaProjectConfigurator - Adding source folder /SchoolSystem/src/test/java
2014-03-22 09:11:03,982 [Worker-9] INFO  o.e.m.c.i.l.LifecycleMappingFactory - Using org.eclipse.m2e.jdt.JarLifecycleMapping lifecycle mapping for MavenProject: pl.edu.agh.to:SchoolSystem:0.0.1-SNAPSHOT @ /home/bogdan/JAVA_WORKSPACE/PROJEKTAGH/Technologie Obiektowe/Projekt/SchoolSystem/pom.xml.
2014-03-22 09:11:04,744 [Worker-6] INFO  o.e.m.c.i.p.ProjectConfigurationManager - Project import completed 6 sec
2014-03-22 09:11:06,381 [Worker-6] INFO  o.e.m.c.i.l.LifecycleMappingFactory - Using org.eclipse.m2e.jdt.JarLifecycleMapping lifecycle mapping for MavenProject: pl.edu.agh.to:SchoolSystem:0.0.1-SNAPSHOT @ /home/bogdan/JAVA_WORKSPACE/PROJEKTAGH/Technologie Obiektowe/Projekt/SchoolSystem/pom.xml.
2014-03-22 09:11:06,687 [Worker-6] INFO  o.e.m.c.i.embedder.EclipseLogger - Using 'UTF-8' encoding to copy filtered resources.
2014-03-22 09:11:06,687 [Worker-6] INFO  o.e.m.c.i.embedder.EclipseLogger - skip non existing resourceDirectory /home/bogdan/JAVA_WORKSPACE/PROJEKTAGH/Technologie Obiektowe/Projekt/SchoolSystem/src/main/resources
2014-03-22 09:11:06,696 [Worker-6] INFO  o.e.m.c.i.embedder.EclipseLogger - Using 'UTF-8' encoding to copy filtered resources.
2014-03-22 09:11:06,697 [Worker-6] INFO  o.e.m.c.i.embedder.EclipseLogger - skip non existing resourceDirectory /home/bogdan/JAVA_WORKSPACE/PROJEKTAGH/Technologie Obiektowe/Projekt/SchoolSystem/src/test/resources
2014-03-22 13:19:55,972 [Worker-1] INFO  o.e.m.c.i.l.LifecycleMappingFactory - Using org.eclipse.m2e.jdt.JarLifecycleMapping lifecycle mapping for MavenProject: pl.edu.agh.to:SchoolSystem:0.0.1-SNAPSHOT @ /home/bogdan/JAVA_WORKSPACE/PROJEKTAGH/Technologie Obiektowe/Projekt/SchoolSystem/pom.xml.
2014-03-22 13:20:01,305 [Worker-0] INFO  o.e.m.c.i.embedder.EclipseLogger - Using 'UTF-8' encoding to copy filtered resources.
2014-03-22 13:20:01,323 [Worker-0] INFO  o.e.m.c.i.embedder.EclipseLogger - skip non existing resourceDirectory /home/bogdan/JAVA_WORKSPACE/PROJEKTAGH/Technologie Obiektowe/Projekt/SchoolSystem/src/main/resources
2014-03-22 13:20:01,328 [Worker-0] INFO  o.e.m.c.i.embedder.EclipseLogger - Using 'UTF-8' encoding to copy filtered resources.
2014-03-22 13:20:01,338 [Worker-0] INFO  o.e.m.c.i.embedder.EclipseLogger - skip non existing resourceDirectory /home/bogdan/JAVA_WORKSPACE/PROJEKTAGH/Technologie Obiektowe/Projekt/SchoolSystem/src/test/resources
2014-03-22 13:37:22,866 [Worker-8] INFO  o.e.m.c.i.embedder.EclipseLogger - Using 'UTF-8' encoding to copy filtered resources.
2014-03-22 13:37:22,867 [Worker-8] INFO  o.e.m.c.i.embedder.EclipseLogger - skip non existing resourceDirectory /home/bogdan/JAVA_WORKSPACE/PROJEKTAGH/Technologie Obiektowe/Projekt/SchoolSystem/src/main/resources
2014-03-22 13:37:22,872 [Worker-8] INFO  o.e.m.c.i.embedder.EclipseLogger - Using 'UTF-8' encoding to copy filtered resources.
2014-03-22 13:37:22,872 [Worker-8] INFO  o.e.m.c.i.embedder.EclipseLogger - skip non existing resourceDirectory /home/bogdan/JAVA_WORKSPACE/PROJEKTAGH/Technologie Obiektowe/Projekt/SchoolSystem/src/test/resources
2014-03-22 13:40:03,918 [Worker-5] INFO  o.e.m.c.i.embedder.EclipseLogger - Using 'UTF-8' encoding to copy filtered resources.
2014-03-22 13:40:03,919 [Worker-5] INFO  o.e.m.c.i.embedder.EclipseLogger - skip non existing resourceDirectory /home/bogdan/JAVA_WORKSPACE/PROJEKTAGH/Technologie Obiektowe/Projekt/SchoolSystem/src/main/resources
2014-03-22 13:40:03,931 [Worker-5] INFO  o.e.m.c.i.embedder.EclipseLogger - Using 'UTF-8' encoding to copy filtered resources.
2014-03-22 13:40:03,931 [Worker-5] INFO  o.e.m.c.i.embedder.EclipseLogger - skip non existing resourceDirectory /home/bogdan/JAVA_WORKSPACE/PROJEKTAGH/Technologie Obiektowe/Projekt/SchoolSystem/src/test/resources
2014-03-22 13:41:53,548 [Worker-10] INFO  o.e.m.c.i.embedder.EclipseLogger - Using 'UTF-8' encoding to copy filtered resources.
2014-03-22 13:41:53,553 [Worker-10] INFO  o.e.m.c.i.embedder.EclipseLogger - skip non existing resourceDirectory /home/bogdan/JAVA_WORKSPACE/PROJEKTAGH/Technologie Obiektowe/Projekt/SchoolSystem/src/main/resources
2014-03-22 13:41:53,565 [Worker-10] INFO  o.e.m.c.i.embedder.EclipseLogger - Using 'UTF-8' encoding to copy filtered resources.
2014-03-22 13:41:53,565 [Worker-10] INFO  o.e.m.c.i.embedder.EclipseLogger - skip non existing resourceDirectory /home/bogdan/JAVA_WORKSPACE/PROJEKTAGH/Technologie Obiektowe/Projekt/SchoolSystem/src/test/resources
2014-03-22 13:43:22,219 [Worker-12] INFO  o.e.m.c.i.embedder.EclipseLogger - Using 'UTF-8' encoding to copy filtered resources.
2014-03-22 13:43:22,219 [Worker-12] INFO  o.e.m.c.i.embedder.EclipseLogger - skip non existing resourceDirectory /home/bogdan/JAVA_WORKSPACE/PROJEKTAGH/Technologie Obiektowe/Projekt/SchoolSystem/src/main/resources
2014-03-22 13:43:22,249 [Worker-12] INFO  o.e.m.c.i.embedder.EclipseLogger - Using 'UTF-8' encoding to copy filtered resources.
2014-03-22 13:43:22,249 [Worker-12] INFO  o.e.m.c.i.embedder.EclipseLogger - skip non existing resourceDirectory /home/bogdan/JAVA_WORKSPACE/PROJEKTAGH/Technologie Obiektowe/Projekt/SchoolSystem/src/test/resources
2014-03-22 13:44:09,642 [Worker-10] INFO  o.e.m.c.i.embedder.EclipseLogger - Using 'UTF-8' encoding to copy filtered resources.
2014-03-22 13:44:09,642 [Worker-10] INFO  o.e.m.c.i.embedder.EclipseLogger - skip non existing resourceDirectory /home/bogdan/JAVA_WORKSPACE/PROJEKTAGH/Technologie Obiektowe/Projekt/SchoolSystem/src/main/resources
2014-03-22 13:44:09,647 [Worker-10] INFO  o.e.m.c.i.embedder.EclipseLogger - Using 'UTF-8' encoding to copy filtered resources.
2014-03-22 13:44:09,648 [Worker-10] INFO  o.e.m.c.i.embedder.EclipseLogger - skip non existing resourceDirectory /home/bogdan/JAVA_WORKSPACE/PROJEKTAGH/Technologie Obiektowe/Projekt/SchoolSystem/src/test/resources
